[2018-05-08T09:12:12,150][INFO ][o.e.n.Node               ] [] initializing ...
[2018-05-08T09:12:12,285][INFO ][o.e.e.NodeEnvironment    ] [02NBShD] using [1] data paths, mounts [[Windows (C:)]], net usable_space [55.5gb], net total_space [237.2gb], types [NTFS]
[2018-05-08T09:12:12,286][INFO ][o.e.e.NodeEnvironment    ] [02NBShD] heap size [990.7mb], compressed ordinary object pointers [true]
[2018-05-08T09:12:12,786][INFO ][o.e.n.Node               ] node name [02NBShD] derived from node ID [02NBShDPTTmciGlV3VRnFw]; set [node.name] to override
[2018-05-08T09:12:12,787][INFO ][o.e.n.Node               ] version[6.2.4], pid[3184], build[ccec39f/2018-04-12T20:37:28.497551Z], OS[Windows 10/10.0/amd64], JVM[Oracle Corporation/Java HotSpot(TM) 64-Bit Server VM/1.8.0_162/25.162-b12]
[2018-05-08T09:12:12,788][INFO ][o.e.n.Node               ] JVM arguments [-Xms1g, -Xmx1g, -XX:+UseConcMarkSweepGC, -XX:CMSInitiatingOccupancyFraction=75, -XX:+UseCMSInitiatingOccupancyOnly, -XX:+AlwaysPreTouch, -Xss1m, -Djava.awt.headless=true, -Dfile.encoding=UTF-8, -Djna.nosys=true, -XX:-OmitStackTraceInFastThrow, -Dio.netty.noUnsafe=true, -Dio.netty.noKeySetOptimization=true, -Dio.netty.recycler.maxCapacityPerThread=0, -Dlog4j.shutdownHookEnabled=false, -Dlog4j2.disable.jmx=true, -Djava.io.tmpdir=C:\Users\MDVORO~1\AppData\Local\Temp\elasticsearch, -XX:+HeapDumpOnOutOfMemoryError, -XX:+PrintGCDetails, -XX:+PrintGCDateStamps, -XX:+PrintTenuringDistribution, -XX:+PrintGCApplicationStoppedTime, -Xloggc:logs/gc.log, -XX:+UseGCLogFileRotation, -XX:NumberOfGCLogFiles=32, -XX:GCLogFileSize=64m, -Delasticsearch, -Des.path.home=C:\Users\mdvorovaya\source\repos\PartsTest\elasticsearch-6.2.4, -Des.path.conf=C:\Users\mdvorovaya\source\repos\PartsTest\elasticsearch-6.2.4\config]
[2018-05-08T09:12:14,241][INFO ][o.e.p.PluginsService     ] [02NBShD] loaded module [aggs-matrix-stats]
[2018-05-08T09:12:14,241][INFO ][o.e.p.PluginsService     ] [02NBShD] loaded module [analysis-common]
[2018-05-08T09:12:14,242][INFO ][o.e.p.PluginsService     ] [02NBShD] loaded module [ingest-common]
[2018-05-08T09:12:14,243][INFO ][o.e.p.PluginsService     ] [02NBShD] loaded module [lang-expression]
[2018-05-08T09:12:14,243][INFO ][o.e.p.PluginsService     ] [02NBShD] loaded module [lang-mustache]
[2018-05-08T09:12:14,243][INFO ][o.e.p.PluginsService     ] [02NBShD] loaded module [lang-painless]
[2018-05-08T09:12:14,244][INFO ][o.e.p.PluginsService     ] [02NBShD] loaded module [mapper-extras]
[2018-05-08T09:12:14,245][INFO ][o.e.p.PluginsService     ] [02NBShD] loaded module [parent-join]
[2018-05-08T09:12:14,245][INFO ][o.e.p.PluginsService     ] [02NBShD] loaded module [percolator]
[2018-05-08T09:12:14,246][INFO ][o.e.p.PluginsService     ] [02NBShD] loaded module [rank-eval]
[2018-05-08T09:12:14,247][INFO ][o.e.p.PluginsService     ] [02NBShD] loaded module [reindex]
[2018-05-08T09:12:14,247][INFO ][o.e.p.PluginsService     ] [02NBShD] loaded module [repository-url]
[2018-05-08T09:12:14,248][INFO ][o.e.p.PluginsService     ] [02NBShD] loaded module [transport-netty4]
[2018-05-08T09:12:14,249][INFO ][o.e.p.PluginsService     ] [02NBShD] loaded module [tribe]
[2018-05-08T09:12:14,253][INFO ][o.e.p.PluginsService     ] [02NBShD] no plugins loaded
[2018-05-08T09:12:19,164][INFO ][o.e.d.DiscoveryModule    ] [02NBShD] using discovery type [zen]
[2018-05-08T09:12:20,677][INFO ][o.e.n.Node               ] initialized
[2018-05-08T09:12:20,678][INFO ][o.e.n.Node               ] [02NBShD] starting ...
[2018-05-08T09:12:24,357][INFO ][o.e.t.TransportService   ] [02NBShD] publish_address {127.0.0.1:9300}, bound_addresses {127.0.0.1:9300}, {[::1]:9300}
[2018-05-08T09:12:27,533][INFO ][o.e.c.s.MasterService    ] [02NBShD] zen-disco-elected-as-master ([0] nodes joined), reason: new_master {02NBShD}{02NBShDPTTmciGlV3VRnFw}{LGgigU_uR_Ctz4jL5GSmvw}{127.0.0.1}{127.0.0.1:9300}
[2018-05-08T09:12:27,546][INFO ][o.e.c.s.ClusterApplierService] [02NBShD] new_master {02NBShD}{02NBShDPTTmciGlV3VRnFw}{LGgigU_uR_Ctz4jL5GSmvw}{127.0.0.1}{127.0.0.1:9300}, reason: apply cluster state (from master [master {02NBShD}{02NBShDPTTmciGlV3VRnFw}{LGgigU_uR_Ctz4jL5GSmvw}{127.0.0.1}{127.0.0.1:9300} committed version [1] source [zen-disco-elected-as-master ([0] nodes joined)]])
[2018-05-08T09:12:27,978][INFO ][o.e.g.GatewayService     ] [02NBShD] recovered [4] indices into cluster_state
[2018-05-08T09:12:27,986][WARN ][o.e.g.GatewayAllocator$InternalPrimaryShardAllocator] [02NBShD] [skilllevels][4]: failed to list shard for shard_started on node [02NBShDPTTmciGlV3VRnFw]
org.elasticsearch.action.FailedNodeException: Failed node [02NBShDPTTmciGlV3VRnFw]
	at org.elasticsearch.action.support.nodes.TransportNodesAction$AsyncAction.onFailure(TransportNodesAction.java:239) [elasticsearch-6.2.4.jar:6.2.4]
	at org.elasticsearch.action.support.nodes.TransportNodesAction$AsyncAction.access$200(TransportNodesAction.java:153) [elasticsearch-6.2.4.jar:6.2.4]
	at org.elasticsearch.action.support.nodes.TransportNodesAction$AsyncAction$1.handleException(TransportNodesAction.java:211) [elasticsearch-6.2.4.jar:6.2.4]
	at org.elasticsearch.transport.TransportService$ContextRestoreResponseHandler.handleException(TransportService.java:1098) [elasticsearch-6.2.4.jar:6.2.4]
	at org.elasticsearch.transport.TransportService$DirectResponseChannel.processException(TransportService.java:1191) [elasticsearch-6.2.4.jar:6.2.4]
	at org.elasticsearch.transport.TransportService$DirectResponseChannel.sendResponse(TransportService.java:1175) [elasticsearch-6.2.4.jar:6.2.4]
	at org.elasticsearch.transport.TransportService$7.onFailure(TransportService.java:667) [elasticsearch-6.2.4.jar:6.2.4]
	at org.elasticsearch.common.util.concurrent.ThreadContext$ContextPreservingAbstractRunnable.onFailure(ThreadContext.java:657) [elasticsearch-6.2.4.jar:6.2.4]
	at org.elasticsearch.common.util.concurrent.AbstractRunnable.run(AbstractRunnable.java:39) [elasticsearch-6.2.4.jar:6.2.4]
	at java.util.concurrent.ThreadPoolExecutor.runWorker(Unknown Source) [?:1.8.0_162]
	at java.util.concurrent.ThreadPoolExecutor$Worker.run(Unknown Source) [?:1.8.0_162]
	at java.lang.Thread.run(Unknown Source) [?:1.8.0_162]
Caused by: org.elasticsearch.transport.RemoteTransportException: [02NBShD][127.0.0.1:9300][internal:gateway/local/started_shards[n]]
Caused by: org.elasticsearch.ElasticsearchException: failed to load started shards
	at org.elasticsearch.gateway.TransportNodesListGatewayStartedShards.nodeOperation(TransportNodesListGatewayStartedShards.java:171) ~[elasticsearch-6.2.4.jar:6.2.4]
	at org.elasticsearch.gateway.TransportNodesListGatewayStartedShards.nodeOperation(TransportNodesListGatewayStartedShards.java:62) ~[elasticsearch-6.2.4.jar:6.2.4]
	at org.elasticsearch.action.support.nodes.TransportNodesAction.nodeOperation(TransportNodesAction.java:140) ~[elasticsearch-6.2.4.jar:6.2.4]
	at org.elasticsearch.action.support.nodes.TransportNodesAction$NodeTransportHandler.messageReceived(TransportNodesAction.java:262) ~[elasticsearch-6.2.4.jar:6.2.4]
	at org.elasticsearch.action.support.nodes.TransportNodesAction$NodeTransportHandler.messageReceived(TransportNodesAction.java:258) ~[elasticsearch-6.2.4.jar:6.2.4]
	at org.elasticsearch.transport.RequestHandlerRegistry.processMessageReceived(RequestHandlerRegistry.java:66) ~[elasticsearch-6.2.4.jar:6.2.4]
	at org.elasticsearch.transport.TransportService$7.doRun(TransportService.java:656) ~[elasticsearch-6.2.4.jar:6.2.4]
	at org.elasticsearch.common.util.concurrent.ThreadContext$ContextPreservingAbstractRunnable.doRun(ThreadContext.java:672) ~[elasticsearch-6.2.4.jar:6.2.4]
	at org.elasticsearch.common.util.concurrent.AbstractRunnable.run(AbstractRunnable.java:37) ~[elasticsearch-6.2.4.jar:6.2.4]
	... 3 more
Caused by: org.elasticsearch.ElasticsearchException: java.io.IOException: failed to read [id:41, legacy:false, file:C:\Users\mdvorovaya\source\repos\PartsTest\elasticsearch-6.2.4\data\nodes\0\indices\WZ7fyHkXSmymC0xP1lCpdA\_state\state-41.st]
	at org.elasticsearch.ExceptionsHelper.maybeThrowRuntimeAndSuppress(ExceptionsHelper.java:190) ~[elasticsearch-6.2.4.jar:6.2.4]
	at org.elasticsearch.gateway.MetaDataStateFormat.loadLatestState(MetaDataStateFormat.java:334) ~[elasticsearch-6.2.4.jar:6.2.4]
	at org.elasticsearch.gateway.TransportNodesListGatewayStartedShards.nodeOperation(TransportNodesListGatewayStartedShards.java:128) ~[elasticsearch-6.2.4.jar:6.2.4]
	at org.elasticsearch.gateway.TransportNodesListGatewayStartedShards.nodeOperation(TransportNodesListGatewayStartedShards.java:62) ~[elasticsearch-6.2.4.jar:6.2.4]
	at org.elasticsearch.action.support.nodes.TransportNodesAction.nodeOperation(TransportNodesAction.java:140) ~[elasticsearch-6.2.4.jar:6.2.4]
	at org.elasticsearch.action.support.nodes.TransportNodesAction$NodeTransportHandler.messageReceived(TransportNodesAction.java:262) ~[elasticsearch-6.2.4.jar:6.2.4]
	at org.elasticsearch.action.support.nodes.TransportNodesAction$NodeTransportHandler.messageReceived(TransportNodesAction.java:258) ~[elasticsearch-6.2.4.jar:6.2.4]
	at org.elasticsearch.transport.RequestHandlerRegistry.processMessageReceived(RequestHandlerRegistry.java:66) ~[elasticsearch-6.2.4.jar:6.2.4]
	at org.elasticsearch.transport.TransportService$7.doRun(TransportService.java:656) ~[elasticsearch-6.2.4.jar:6.2.4]
	at org.elasticsearch.common.util.concurrent.ThreadContext$ContextPreservingAbstractRunnable.doRun(ThreadContext.java:672) ~[elasticsearch-6.2.4.jar:6.2.4]
	at org.elasticsearch.common.util.concurrent.AbstractRunnable.run(AbstractRunnable.java:37) ~[elasticsearch-6.2.4.jar:6.2.4]
	... 3 more
Caused by: java.io.IOException: failed to read [id:41, legacy:false, file:C:\Users\mdvorovaya\source\repos\PartsTest\elasticsearch-6.2.4\data\nodes\0\indices\WZ7fyHkXSmymC0xP1lCpdA\_state\state-41.st]
	at org.elasticsearch.gateway.MetaDataStateFormat.loadLatestState(MetaDataStateFormat.java:327) ~[elasticsearch-6.2.4.jar:6.2.4]
	at org.elasticsearch.gateway.TransportNodesListGatewayStartedShards.nodeOperation(TransportNodesListGatewayStartedShards.java:128) ~[elasticsearch-6.2.4.jar:6.2.4]
	at org.elasticsearch.gateway.TransportNodesListGatewayStartedShards.nodeOperation(TransportNodesListGatewayStartedShards.java:62) ~[elasticsearch-6.2.4.jar:6.2.4]
	at org.elasticsearch.action.support.nodes.TransportNodesAction.nodeOperation(TransportNodesAction.java:140) ~[elasticsearch-6.2.4.jar:6.2.4]
	at org.elasticsearch.action.support.nodes.TransportNodesAction$NodeTransportHandler.messageReceived(TransportNodesAction.java:262) ~[elasticsearch-6.2.4.jar:6.2.4]
	at org.elasticsearch.action.support.nodes.TransportNodesAction$NodeTransportHandler.messageReceived(TransportNodesAction.java:258) ~[elasticsearch-6.2.4.jar:6.2.4]
	at org.elasticsearch.transport.RequestHandlerRegistry.processMessageReceived(RequestHandlerRegistry.java:66) ~[elasticsearch-6.2.4.jar:6.2.4]
	at org.elasticsearch.transport.TransportService$7.doRun(TransportService.java:656) ~[elasticsearch-6.2.4.jar:6.2.4]
	at org.elasticsearch.common.util.concurrent.ThreadContext$ContextPreservingAbstractRunnable.doRun(ThreadContext.java:672) ~[elasticsearch-6.2.4.jar:6.2.4]
	at org.elasticsearch.common.util.concurrent.AbstractRunnable.run(AbstractRunnable.java:37) ~[elasticsearch-6.2.4.jar:6.2.4]
	... 3 more
Caused by: java.nio.file.NoSuchFileException: C:\Users\mdvorovaya\source\repos\PartsTest\elasticsearch-6.2.4\data\nodes\0\indices\WZ7fyHkXSmymC0xP1lCpdA\_state\state-41.st
	at sun.nio.fs.WindowsException.translateToIOException(Unknown Source) ~[?:?]
	at sun.nio.fs.WindowsException.rethrowAsIOException(Unknown Source) ~[?:?]
	at sun.nio.fs.WindowsException.rethrowAsIOException(Unknown Source) ~[?:?]
	at sun.nio.fs.WindowsFileSystemProvider.newByteChannel(Unknown Source) ~[?:?]
	at java.nio.file.Files.newByteChannel(Unknown Source) ~[?:1.8.0_162]
	at java.nio.file.Files.newByteChannel(Unknown Source) ~[?:1.8.0_162]
	at org.apache.lucene.store.SimpleFSDirectory.openInput(SimpleFSDirectory.java:77) ~[lucene-core-7.2.1.jar:7.2.1 b2b6438b37073bee1fca40374e85bf91aa457c0b - ubuntu - 2018-01-10 00:48:43]
	at org.elasticsearch.gateway.MetaDataStateFormat.read(MetaDataStateFormat.java:187) ~[elasticsearch-6.2.4.jar:6.2.4]
	at org.elasticsearch.gateway.MetaDataStateFormat.loadLatestState(MetaDataStateFormat.java:322) ~[elasticsearch-6.2.4.jar:6.2.4]
	at org.elasticsearch.gateway.TransportNodesListGatewayStartedShards.nodeOperation(TransportNodesListGatewayStartedShards.java:128) ~[elasticsearch-6.2.4.jar:6.2.4]
	at org.elasticsearch.gateway.TransportNodesListGatewayStartedShards.nodeOperation(TransportNodesListGatewayStartedShards.java:62) ~[elasticsearch-6.2.4.jar:6.2.4]
	at org.elasticsearch.action.support.nodes.TransportNodesAction.nodeOperation(TransportNodesAction.java:140) ~[elasticsearch-6.2.4.jar:6.2.4]
	at org.elasticsearch.action.support.nodes.TransportNodesAction$NodeTransportHandler.messageReceived(TransportNodesAction.java:262) ~[elasticsearch-6.2.4.jar:6.2.4]
	at org.elasticsearch.action.support.nodes.TransportNodesAction$NodeTransportHandler.messageReceived(TransportNodesAction.java:258) ~[elasticsearch-6.2.4.jar:6.2.4]
	at org.elasticsearch.transport.RequestHandlerRegistry.processMessageReceived(RequestHandlerRegistry.java:66) ~[elasticsearch-6.2.4.jar:6.2.4]
	at org.elasticsearch.transport.TransportService$7.doRun(TransportService.java:656) ~[elasticsearch-6.2.4.jar:6.2.4]
	at org.elasticsearch.common.util.concurrent.ThreadContext$ContextPreservingAbstractRunnable.doRun(ThreadContext.java:672) ~[elasticsearch-6.2.4.jar:6.2.4]
	at org.elasticsearch.common.util.concurrent.AbstractRunnable.run(AbstractRunnable.java:37) ~[elasticsearch-6.2.4.jar:6.2.4]
	... 3 more
[2018-05-08T09:12:29,821][INFO ][o.e.c.r.a.AllocationService] [02NBShD] Cluster health status changed from [RED] to [YELLOW] (reason: [shards started [[skills][0]] ...]).
[2018-05-08T09:12:30,461][INFO ][o.e.h.n.Netty4HttpServerTransport] [02NBShD] publish_address {127.0.0.1:9200}, bound_addresses {127.0.0.1:9200}, {[::1]:9200}
[2018-05-08T09:12:30,461][INFO ][o.e.n.Node               ] [02NBShD] started
[2018-05-08T09:16:56,517][WARN ][o.e.h.n.Netty4HttpServerTransport] [02NBShD] caught exception while handling client http traffic, closing connection [id: 0xaf080650, L:/0:0:0:0:0:0:0:1:9200 - R:/0:0:0:0:0:0:0:1:22075]
java.io.IOException: Se ha forzado la interrupción de una conexión existente por el host remoto
	at sun.nio.ch.SocketDispatcher.read0(Native Method) ~[?:?]
	at sun.nio.ch.SocketDispatcher.read(Unknown Source) ~[?:?]
	at sun.nio.ch.IOUtil.readIntoNativeBuffer(Unknown Source) ~[?:?]
	at sun.nio.ch.IOUtil.read(Unknown Source) ~[?:?]
	at sun.nio.ch.SocketChannelImpl.read(Unknown Source) ~[?:?]
	at io.netty.buffer.PooledHeapByteBuf.setBytes(PooledHeapByteBuf.java:261) ~[netty-buffer-4.1.16.Final.jar:4.1.16.Final]
	at io.netty.buffer.AbstractByteBuf.writeBytes(AbstractByteBuf.java:1106) ~[netty-buffer-4.1.16.Final.jar:4.1.16.Final]
	at io.netty.channel.socket.nio.NioSocketChannel.doReadBytes(NioSocketChannel.java:343) ~[netty-transport-4.1.16.Final.jar:4.1.16.Final]
	at io.netty.channel.nio.AbstractNioByteChannel$NioByteUnsafe.read(AbstractNioByteChannel.java:123) [netty-transport-4.1.16.Final.jar:4.1.16.Final]
	at io.netty.channel.nio.NioEventLoop.processSelectedKey(NioEventLoop.java:645) [netty-transport-4.1.16.Final.jar:4.1.16.Final]
	at io.netty.channel.nio.NioEventLoop.processSelectedKeysPlain(NioEventLoop.java:545) [netty-transport-4.1.16.Final.jar:4.1.16.Final]
	at io.netty.channel.nio.NioEventLoop.processSelectedKeys(NioEventLoop.java:499) [netty-transport-4.1.16.Final.jar:4.1.16.Final]
	at io.netty.channel.nio.NioEventLoop.run(NioEventLoop.java:459) [netty-transport-4.1.16.Final.jar:4.1.16.Final]
	at io.netty.util.concurrent.SingleThreadEventExecutor$5.run(SingleThreadEventExecutor.java:858) [netty-common-4.1.16.Final.jar:4.1.16.Final]
	at java.lang.Thread.run(Unknown Source) [?:1.8.0_162]
[2018-05-08T09:21:48,914][WARN ][o.e.h.n.Netty4HttpServerTransport] [02NBShD] caught exception while handling client http traffic, closing connection [id: 0x003cb48b, L:/0:0:0:0:0:0:0:1:9200 - R:/0:0:0:0:0:0:0:1:22179]
java.io.IOException: Se ha forzado la interrupción de una conexión existente por el host remoto
	at sun.nio.ch.SocketDispatcher.read0(Native Method) ~[?:?]
	at sun.nio.ch.SocketDispatcher.read(Unknown Source) ~[?:?]
	at sun.nio.ch.IOUtil.readIntoNativeBuffer(Unknown Source) ~[?:?]
	at sun.nio.ch.IOUtil.read(Unknown Source) ~[?:?]
	at sun.nio.ch.SocketChannelImpl.read(Unknown Source) ~[?:?]
	at io.netty.buffer.PooledHeapByteBuf.setBytes(PooledHeapByteBuf.java:261) ~[netty-buffer-4.1.16.Final.jar:4.1.16.Final]
	at io.netty.buffer.AbstractByteBuf.writeBytes(AbstractByteBuf.java:1106) ~[netty-buffer-4.1.16.Final.jar:4.1.16.Final]
	at io.netty.channel.socket.nio.NioSocketChannel.doReadBytes(NioSocketChannel.java:343) ~[netty-transport-4.1.16.Final.jar:4.1.16.Final]
	at io.netty.channel.nio.AbstractNioByteChannel$NioByteUnsafe.read(AbstractNioByteChannel.java:123) [netty-transport-4.1.16.Final.jar:4.1.16.Final]
	at io.netty.channel.nio.NioEventLoop.processSelectedKey(NioEventLoop.java:645) [netty-transport-4.1.16.Final.jar:4.1.16.Final]
	at io.netty.channel.nio.NioEventLoop.processSelectedKeysPlain(NioEventLoop.java:545) [netty-transport-4.1.16.Final.jar:4.1.16.Final]
	at io.netty.channel.nio.NioEventLoop.processSelectedKeys(NioEventLoop.java:499) [netty-transport-4.1.16.Final.jar:4.1.16.Final]
	at io.netty.channel.nio.NioEventLoop.run(NioEventLoop.java:459) [netty-transport-4.1.16.Final.jar:4.1.16.Final]
	at io.netty.util.concurrent.SingleThreadEventExecutor$5.run(SingleThreadEventExecutor.java:858) [netty-common-4.1.16.Final.jar:4.1.16.Final]
	at java.lang.Thread.run(Unknown Source) [?:1.8.0_162]
[2018-05-08T09:21:48,914][WARN ][o.e.h.n.Netty4HttpServerTransport] [02NBShD] caught exception while handling client http traffic, closing connection [id: 0x9285cbf5, L:/0:0:0:0:0:0:0:1:9200 - R:/0:0:0:0:0:0:0:1:22177]
java.io.IOException: Se ha forzado la interrupción de una conexión existente por el host remoto
	at sun.nio.ch.SocketDispatcher.read0(Native Method) ~[?:?]
	at sun.nio.ch.SocketDispatcher.read(Unknown Source) ~[?:?]
	at sun.nio.ch.IOUtil.readIntoNativeBuffer(Unknown Source) ~[?:?]
	at sun.nio.ch.IOUtil.read(Unknown Source) ~[?:?]
	at sun.nio.ch.SocketChannelImpl.read(Unknown Source) ~[?:?]
	at io.netty.buffer.PooledHeapByteBuf.setBytes(PooledHeapByteBuf.java:261) ~[netty-buffer-4.1.16.Final.jar:4.1.16.Final]
	at io.netty.buffer.AbstractByteBuf.writeBytes(AbstractByteBuf.java:1106) ~[netty-buffer-4.1.16.Final.jar:4.1.16.Final]
	at io.netty.channel.socket.nio.NioSocketChannel.doReadBytes(NioSocketChannel.java:343) ~[netty-transport-4.1.16.Final.jar:4.1.16.Final]
	at io.netty.channel.nio.AbstractNioByteChannel$NioByteUnsafe.read(AbstractNioByteChannel.java:123) [netty-transport-4.1.16.Final.jar:4.1.16.Final]
	at io.netty.channel.nio.NioEventLoop.processSelectedKey(NioEventLoop.java:645) [netty-transport-4.1.16.Final.jar:4.1.16.Final]
	at io.netty.channel.nio.NioEventLoop.processSelectedKeysPlain(NioEventLoop.java:545) [netty-transport-4.1.16.Final.jar:4.1.16.Final]
	at io.netty.channel.nio.NioEventLoop.processSelectedKeys(NioEventLoop.java:499) [netty-transport-4.1.16.Final.jar:4.1.16.Final]
	at io.netty.channel.nio.NioEventLoop.run(NioEventLoop.java:459) [netty-transport-4.1.16.Final.jar:4.1.16.Final]
	at io.netty.util.concurrent.SingleThreadEventExecutor$5.run(SingleThreadEventExecutor.java:858) [netty-common-4.1.16.Final.jar:4.1.16.Final]
	at java.lang.Thread.run(Unknown Source) [?:1.8.0_162]
[2018-05-08T09:42:06,230][WARN ][o.e.h.n.Netty4HttpServerTransport] [02NBShD] caught exception while handling client http traffic, closing connection [id: 0x471e815c, L:/0:0:0:0:0:0:0:1:9200 - R:/0:0:0:0:0:0:0:1:23262]
java.io.IOException: Se ha forzado la interrupción de una conexión existente por el host remoto
	at sun.nio.ch.SocketDispatcher.read0(Native Method) ~[?:?]
	at sun.nio.ch.SocketDispatcher.read(Unknown Source) ~[?:?]
	at sun.nio.ch.IOUtil.readIntoNativeBuffer(Unknown Source) ~[?:?]
	at sun.nio.ch.IOUtil.read(Unknown Source) ~[?:?]
	at sun.nio.ch.SocketChannelImpl.read(Unknown Source) ~[?:?]
	at io.netty.buffer.PooledHeapByteBuf.setBytes(PooledHeapByteBuf.java:261) ~[netty-buffer-4.1.16.Final.jar:4.1.16.Final]
	at io.netty.buffer.AbstractByteBuf.writeBytes(AbstractByteBuf.java:1106) ~[netty-buffer-4.1.16.Final.jar:4.1.16.Final]
	at io.netty.channel.socket.nio.NioSocketChannel.doReadBytes(NioSocketChannel.java:343) ~[netty-transport-4.1.16.Final.jar:4.1.16.Final]
	at io.netty.channel.nio.AbstractNioByteChannel$NioByteUnsafe.read(AbstractNioByteChannel.java:123) [netty-transport-4.1.16.Final.jar:4.1.16.Final]
	at io.netty.channel.nio.NioEventLoop.processSelectedKey(NioEventLoop.java:645) [netty-transport-4.1.16.Final.jar:4.1.16.Final]
	at io.netty.channel.nio.NioEventLoop.processSelectedKeysPlain(NioEventLoop.java:545) [netty-transport-4.1.16.Final.jar:4.1.16.Final]
	at io.netty.channel.nio.NioEventLoop.processSelectedKeys(NioEventLoop.java:499) [netty-transport-4.1.16.Final.jar:4.1.16.Final]
	at io.netty.channel.nio.NioEventLoop.run(NioEventLoop.java:459) [netty-transport-4.1.16.Final.jar:4.1.16.Final]
	at io.netty.util.concurrent.SingleThreadEventExecutor$5.run(SingleThreadEventExecutor.java:858) [netty-common-4.1.16.Final.jar:4.1.16.Final]
	at java.lang.Thread.run(Unknown Source) [?:1.8.0_162]
[2018-05-08T10:02:10,579][INFO ][o.e.n.Node               ] [] initializing ...
[2018-05-08T10:02:10,704][INFO ][o.e.e.NodeEnvironment    ] [02NBShD] using [1] data paths, mounts [[Windows (C:)]], net usable_space [53.2gb], net total_space [237.2gb], types [NTFS]
[2018-05-08T10:02:10,708][INFO ][o.e.e.NodeEnvironment    ] [02NBShD] heap size [990.7mb], compressed ordinary object pointers [true]
[2018-05-08T10:02:11,180][INFO ][o.e.n.Node               ] node name [02NBShD] derived from node ID [02NBShDPTTmciGlV3VRnFw]; set [node.name] to override
[2018-05-08T10:02:11,181][INFO ][o.e.n.Node               ] version[6.2.4], pid[15988], build[ccec39f/2018-04-12T20:37:28.497551Z], OS[Windows 10/10.0/amd64], JVM[Oracle Corporation/Java HotSpot(TM) 64-Bit Server VM/1.8.0_162/25.162-b12]
[2018-05-08T10:02:11,182][INFO ][o.e.n.Node               ] JVM arguments [-Xms1g, -Xmx1g, -XX:+UseConcMarkSweepGC, -XX:CMSInitiatingOccupancyFraction=75, -XX:+UseCMSInitiatingOccupancyOnly, -XX:+AlwaysPreTouch, -Xss1m, -Djava.awt.headless=true, -Dfile.encoding=UTF-8, -Djna.nosys=true, -XX:-OmitStackTraceInFastThrow, -Dio.netty.noUnsafe=true, -Dio.netty.noKeySetOptimization=true, -Dio.netty.recycler.maxCapacityPerThread=0, -Dlog4j.shutdownHookEnabled=false, -Dlog4j2.disable.jmx=true, -Djava.io.tmpdir=C:\Users\MDVORO~1\AppData\Local\Temp\elasticsearch, -XX:+HeapDumpOnOutOfMemoryError, -XX:+PrintGCDetails, -XX:+PrintGCDateStamps, -XX:+PrintTenuringDistribution, -XX:+PrintGCApplicationStoppedTime, -Xloggc:logs/gc.log, -XX:+UseGCLogFileRotation, -XX:NumberOfGCLogFiles=32, -XX:GCLogFileSize=64m, -Delasticsearch, -Des.path.home=C:\Users\mdvorovaya\source\repos\PartsTest\elasticsearch-6.2.4, -Des.path.conf=C:\Users\mdvorovaya\source\repos\PartsTest\elasticsearch-6.2.4\config]
[2018-05-08T10:02:12,757][INFO ][o.e.p.PluginsService     ] [02NBShD] loaded module [aggs-matrix-stats]
[2018-05-08T10:02:12,757][INFO ][o.e.p.PluginsService     ] [02NBShD] loaded module [analysis-common]
[2018-05-08T10:02:12,778][INFO ][o.e.p.PluginsService     ] [02NBShD] loaded module [ingest-common]
[2018-05-08T10:02:12,795][INFO ][o.e.p.PluginsService     ] [02NBShD] loaded module [lang-expression]
[2018-05-08T10:02:12,798][INFO ][o.e.p.PluginsService     ] [02NBShD] loaded module [lang-mustache]
[2018-05-08T10:02:12,800][INFO ][o.e.p.PluginsService     ] [02NBShD] loaded module [lang-painless]
[2018-05-08T10:02:12,804][INFO ][o.e.p.PluginsService     ] [02NBShD] loaded module [mapper-extras]
[2018-05-08T10:02:12,804][INFO ][o.e.p.PluginsService     ] [02NBShD] loaded module [parent-join]
[2018-05-08T10:02:12,805][INFO ][o.e.p.PluginsService     ] [02NBShD] loaded module [percolator]
[2018-05-08T10:02:12,812][INFO ][o.e.p.PluginsService     ] [02NBShD] loaded module [rank-eval]
[2018-05-08T10:02:12,813][INFO ][o.e.p.PluginsService     ] [02NBShD] loaded module [reindex]
[2018-05-08T10:02:12,814][INFO ][o.e.p.PluginsService     ] [02NBShD] loaded module [repository-url]
[2018-05-08T10:02:12,815][INFO ][o.e.p.PluginsService     ] [02NBShD] loaded module [transport-netty4]
[2018-05-08T10:02:12,818][INFO ][o.e.p.PluginsService     ] [02NBShD] loaded module [tribe]
[2018-05-08T10:02:12,823][INFO ][o.e.p.PluginsService     ] [02NBShD] no plugins loaded
[2018-05-08T10:02:18,594][INFO ][o.e.d.DiscoveryModule    ] [02NBShD] using discovery type [zen]
[2018-05-08T10:02:21,688][INFO ][o.e.n.Node               ] initialized
[2018-05-08T10:02:21,697][INFO ][o.e.n.Node               ] [02NBShD] starting ...
[2018-05-08T10:02:30,433][INFO ][o.e.t.TransportService   ] [02NBShD] publish_address {127.0.0.1:9300}, bound_addresses {127.0.0.1:9300}, {[::1]:9300}
[2018-05-08T10:02:33,595][INFO ][o.e.c.s.MasterService    ] [02NBShD] zen-disco-elected-as-master ([0] nodes joined), reason: new_master {02NBShD}{02NBShDPTTmciGlV3VRnFw}{ohEO_v6hT5uwBhrLE2qdpw}{127.0.0.1}{127.0.0.1:9300}
[2018-05-08T10:02:33,608][INFO ][o.e.c.s.ClusterApplierService] [02NBShD] new_master {02NBShD}{02NBShDPTTmciGlV3VRnFw}{ohEO_v6hT5uwBhrLE2qdpw}{127.0.0.1}{127.0.0.1:9300}, reason: apply cluster state (from master [master {02NBShD}{02NBShDPTTmciGlV3VRnFw}{ohEO_v6hT5uwBhrLE2qdpw}{127.0.0.1}{127.0.0.1:9300} committed version [1] source [zen-disco-elected-as-master ([0] nodes joined)]])
[2018-05-08T10:02:34,229][WARN ][o.e.g.GatewayAllocator$InternalPrimaryShardAllocator] [02NBShD] [skills][2]: failed to list shard for shard_started on node [02NBShDPTTmciGlV3VRnFw]
org.elasticsearch.action.FailedNodeException: Failed node [02NBShDPTTmciGlV3VRnFw]
	at org.elasticsearch.action.support.nodes.TransportNodesAction$AsyncAction.onFailure(TransportNodesAction.java:239) [elasticsearch-6.2.4.jar:6.2.4]
	at org.elasticsearch.action.support.nodes.TransportNodesAction$AsyncAction.access$200(TransportNodesAction.java:153) [elasticsearch-6.2.4.jar:6.2.4]
	at org.elasticsearch.action.support.nodes.TransportNodesAction$AsyncAction$1.handleException(TransportNodesAction.java:211) [elasticsearch-6.2.4.jar:6.2.4]
	at org.elasticsearch.transport.TransportService$ContextRestoreResponseHandler.handleException(TransportService.java:1098) [elasticsearch-6.2.4.jar:6.2.4]
	at org.elasticsearch.transport.TransportService$DirectResponseChannel.processException(TransportService.java:1191) [elasticsearch-6.2.4.jar:6.2.4]
	at org.elasticsearch.transport.TransportService$DirectResponseChannel.sendResponse(TransportService.java:1175) [elasticsearch-6.2.4.jar:6.2.4]
	at org.elasticsearch.transport.TransportService$7.onFailure(TransportService.java:667) [elasticsearch-6.2.4.jar:6.2.4]
	at org.elasticsearch.common.util.concurrent.ThreadContext$ContextPreservingAbstractRunnable.onFailure(ThreadContext.java:657) [elasticsearch-6.2.4.jar:6.2.4]
	at org.elasticsearch.common.util.concurrent.AbstractRunnable.run(AbstractRunnable.java:39) [elasticsearch-6.2.4.jar:6.2.4]
	at java.util.concurrent.ThreadPoolExecutor.runWorker(Unknown Source) [?:1.8.0_162]
	at java.util.concurrent.ThreadPoolExecutor$Worker.run(Unknown Source) [?:1.8.0_162]
	at java.lang.Thread.run(Unknown Source) [?:1.8.0_162]
Caused by: org.elasticsearch.transport.RemoteTransportException: [02NBShD][127.0.0.1:9300][internal:gateway/local/started_shards[n]]
Caused by: org.elasticsearch.ElasticsearchException: failed to load started shards
	at org.elasticsearch.gateway.TransportNodesListGatewayStartedShards.nodeOperation(TransportNodesListGatewayStartedShards.java:171) ~[elasticsearch-6.2.4.jar:6.2.4]
	at org.elasticsearch.gateway.TransportNodesListGatewayStartedShards.nodeOperation(TransportNodesListGatewayStartedShards.java:62) ~[elasticsearch-6.2.4.jar:6.2.4]
	at org.elasticsearch.action.support.nodes.TransportNodesAction.nodeOperation(TransportNodesAction.java:140) ~[elasticsearch-6.2.4.jar:6.2.4]
	at org.elasticsearch.action.support.nodes.TransportNodesAction$NodeTransportHandler.messageReceived(TransportNodesAction.java:262) ~[elasticsearch-6.2.4.jar:6.2.4]
	at org.elasticsearch.action.support.nodes.TransportNodesAction$NodeTransportHandler.messageReceived(TransportNodesAction.java:258) ~[elasticsearch-6.2.4.jar:6.2.4]
	at org.elasticsearch.transport.RequestHandlerRegistry.processMessageReceived(RequestHandlerRegistry.java:66) ~[elasticsearch-6.2.4.jar:6.2.4]
	at org.elasticsearch.transport.TransportService$7.doRun(TransportService.java:656) ~[elasticsearch-6.2.4.jar:6.2.4]
	at org.elasticsearch.common.util.concurrent.ThreadContext$ContextPreservingAbstractRunnable.doRun(ThreadContext.java:672) ~[elasticsearch-6.2.4.jar:6.2.4]
	at org.elasticsearch.common.util.concurrent.AbstractRunnable.run(AbstractRunnable.java:37) ~[elasticsearch-6.2.4.jar:6.2.4]
	... 3 more
Caused by: org.elasticsearch.ElasticsearchException: java.io.IOException: failed to read [id:48, legacy:false, file:C:\Users\mdvorovaya\source\repos\PartsTest\elasticsearch-6.2.4\data\nodes\0\indices\bHsyeztXSEuwlDBH_QG7oA\_state\state-48.st]
	at org.elasticsearch.ExceptionsHelper.maybeThrowRuntimeAndSuppress(ExceptionsHelper.java:190) ~[elasticsearch-6.2.4.jar:6.2.4]
	at org.elasticsearch.gateway.MetaDataStateFormat.loadLatestState(MetaDataStateFormat.java:334) ~[elasticsearch-6.2.4.jar:6.2.4]
	at org.elasticsearch.gateway.TransportNodesListGatewayStartedShards.nodeOperation(TransportNodesListGatewayStartedShards.java:128) ~[elasticsearch-6.2.4.jar:6.2.4]
	at org.elasticsearch.gateway.TransportNodesListGatewayStartedShards.nodeOperation(TransportNodesListGatewayStartedShards.java:62) ~[elasticsearch-6.2.4.jar:6.2.4]
	at org.elasticsearch.action.support.nodes.TransportNodesAction.nodeOperation(TransportNodesAction.java:140) ~[elasticsearch-6.2.4.jar:6.2.4]
	at org.elasticsearch.action.support.nodes.TransportNodesAction$NodeTransportHandler.messageReceived(TransportNodesAction.java:262) ~[elasticsearch-6.2.4.jar:6.2.4]
	at org.elasticsearch.action.support.nodes.TransportNodesAction$NodeTransportHandler.messageReceived(TransportNodesAction.java:258) ~[elasticsearch-6.2.4.jar:6.2.4]
	at org.elasticsearch.transport.RequestHandlerRegistry.processMessageReceived(RequestHandlerRegistry.java:66) ~[elasticsearch-6.2.4.jar:6.2.4]
	at org.elasticsearch.transport.TransportService$7.doRun(TransportService.java:656) ~[elasticsearch-6.2.4.jar:6.2.4]
	at org.elasticsearch.common.util.concurrent.ThreadContext$ContextPreservingAbstractRunnable.doRun(ThreadContext.java:672) ~[elasticsearch-6.2.4.jar:6.2.4]
	at org.elasticsearch.common.util.concurrent.AbstractRunnable.run(AbstractRunnable.java:37) ~[elasticsearch-6.2.4.jar:6.2.4]
	... 3 more
Caused by: java.io.IOException: failed to read [id:48, legacy:false, file:C:\Users\mdvorovaya\source\repos\PartsTest\elasticsearch-6.2.4\data\nodes\0\indices\bHsyeztXSEuwlDBH_QG7oA\_state\state-48.st]
	at org.elasticsearch.gateway.MetaDataStateFormat.loadLatestState(MetaDataStateFormat.java:327) ~[elasticsearch-6.2.4.jar:6.2.4]
	at org.elasticsearch.gateway.TransportNodesListGatewayStartedShards.nodeOperation(TransportNodesListGatewayStartedShards.java:128) ~[elasticsearch-6.2.4.jar:6.2.4]
	at org.elasticsearch.gateway.TransportNodesListGatewayStartedShards.nodeOperation(TransportNodesListGatewayStartedShards.java:62) ~[elasticsearch-6.2.4.jar:6.2.4]
	at org.elasticsearch.action.support.nodes.TransportNodesAction.nodeOperation(TransportNodesAction.java:140) ~[elasticsearch-6.2.4.jar:6.2.4]
	at org.elasticsearch.action.support.nodes.TransportNodesAction$NodeTransportHandler.messageReceived(TransportNodesAction.java:262) ~[elasticsearch-6.2.4.jar:6.2.4]
	at org.elasticsearch.action.support.nodes.TransportNodesAction$NodeTransportHandler.messageReceived(TransportNodesAction.java:258) ~[elasticsearch-6.2.4.jar:6.2.4]
	at org.elasticsearch.transport.RequestHandlerRegistry.processMessageReceived(RequestHandlerRegistry.java:66) ~[elasticsearch-6.2.4.jar:6.2.4]
	at org.elasticsearch.transport.TransportService$7.doRun(TransportService.java:656) ~[elasticsearch-6.2.4.jar:6.2.4]
	at org.elasticsearch.common.util.concurrent.ThreadContext$ContextPreservingAbstractRunnable.doRun(ThreadContext.java:672) ~[elasticsearch-6.2.4.jar:6.2.4]
	at org.elasticsearch.common.util.concurrent.AbstractRunnable.run(AbstractRunnable.java:37) ~[elasticsearch-6.2.4.jar:6.2.4]
	... 3 more
Caused by: java.nio.file.NoSuchFileException: C:\Users\mdvorovaya\source\repos\PartsTest\elasticsearch-6.2.4\data\nodes\0\indices\bHsyeztXSEuwlDBH_QG7oA\_state\state-48.st
	at sun.nio.fs.WindowsException.translateToIOException(Unknown Source) ~[?:?]
	at sun.nio.fs.WindowsException.rethrowAsIOException(Unknown Source) ~[?:?]
	at sun.nio.fs.WindowsException.rethrowAsIOException(Unknown Source) ~[?:?]
	at sun.nio.fs.WindowsFileSystemProvider.newByteChannel(Unknown Source) ~[?:?]
	at java.nio.file.Files.newByteChannel(Unknown Source) ~[?:1.8.0_162]
	at java.nio.file.Files.newByteChannel(Unknown Source) ~[?:1.8.0_162]
	at org.apache.lucene.store.SimpleFSDirectory.openInput(SimpleFSDirectory.java:77) ~[lucene-core-7.2.1.jar:7.2.1 b2b6438b37073bee1fca40374e85bf91aa457c0b - ubuntu - 2018-01-10 00:48:43]
	at org.elasticsearch.gateway.MetaDataStateFormat.read(MetaDataStateFormat.java:187) ~[elasticsearch-6.2.4.jar:6.2.4]
	at org.elasticsearch.gateway.MetaDataStateFormat.loadLatestState(MetaDataStateFormat.java:322) ~[elasticsearch-6.2.4.jar:6.2.4]
	at org.elasticsearch.gateway.TransportNodesListGatewayStartedShards.nodeOperation(TransportNodesListGatewayStartedShards.java:128) ~[elasticsearch-6.2.4.jar:6.2.4]
	at org.elasticsearch.gateway.TransportNodesListGatewayStartedShards.nodeOperation(TransportNodesListGatewayStartedShards.java:62) ~[elasticsearch-6.2.4.jar:6.2.4]
	at org.elasticsearch.action.support.nodes.TransportNodesAction.nodeOperation(TransportNodesAction.java:140) ~[elasticsearch-6.2.4.jar:6.2.4]
	at org.elasticsearch.action.support.nodes.TransportNodesAction$NodeTransportHandler.messageReceived(TransportNodesAction.java:262) ~[elasticsearch-6.2.4.jar:6.2.4]
	at org.elasticsearch.action.support.nodes.TransportNodesAction$NodeTransportHandler.messageReceived(TransportNodesAction.java:258) ~[elasticsearch-6.2.4.jar:6.2.4]
	at org.elasticsearch.transport.RequestHandlerRegistry.processMessageReceived(RequestHandlerRegistry.java:66) ~[elasticsearch-6.2.4.jar:6.2.4]
	at org.elasticsearch.transport.TransportService$7.doRun(TransportService.java:656) ~[elasticsearch-6.2.4.jar:6.2.4]
	at org.elasticsearch.common.util.concurrent.ThreadContext$ContextPreservingAbstractRunnable.doRun(ThreadContext.java:672) ~[elasticsearch-6.2.4.jar:6.2.4]
	at org.elasticsearch.common.util.concurrent.AbstractRunnable.run(AbstractRunnable.java:37) ~[elasticsearch-6.2.4.jar:6.2.4]
	... 3 more
[2018-05-08T10:02:34,339][INFO ][o.e.g.GatewayService     ] [02NBShD] recovered [4] indices into cluster_state
[2018-05-08T10:02:36,525][INFO ][o.e.c.r.a.AllocationService] [02NBShD] Cluster health status changed from [RED] to [YELLOW] (reason: [shards started [[skills][0]] ...]).
[2018-05-08T10:02:38,337][INFO ][o.e.h.n.Netty4HttpServerTransport] [02NBShD] publish_address {127.0.0.1:9200}, bound_addresses {127.0.0.1:9200}, {[::1]:9200}
[2018-05-08T10:02:38,338][INFO ][o.e.n.Node               ] [02NBShD] started
[2018-05-08T10:05:44,629][INFO ][o.e.b.Bootstrap          ] running graceful exit on windows
[2018-05-08T10:05:44,630][INFO ][o.e.n.Node               ] [02NBShD] stopping ...
[2018-05-08T10:05:45,055][INFO ][o.e.n.Node               ] [02NBShD] stopped
[2018-05-08T10:05:45,056][INFO ][o.e.n.Node               ] [02NBShD] closing ...
[2018-05-08T10:05:45,068][INFO ][o.e.n.Node               ] [02NBShD] closed
